#set( $symbol_pound = '#' )
#set( $symbol_dollar = '$' )
#set( $symbol_escape = '\' )
<?xml version='1.0' encoding='UTF-8'?>
<dataset>
  <table name="SS_AUTHORITY">
    <column>ID</column>
    <column>NAME</column>
    <column>DISPLAY_NAME</column>
    <row>
      <value>1</value>
      <value>A_VIEW_USER</value>
      <value>浏览用户</value>
    </row>
    <row>
      <value>2</value>
      <value>A_MODIFY_USER</value>
      <value>修改用户</value>
    </row>
    <row>
      <value>3</value>
      <value>A_VIEW_ROLE</value>
      <value>浏览角色</value>
    </row>
    <row>
      <value>4</value>
      <value>A_MODIFY_ROLE</value>
      <value>修改角色</value>
    </row>
  </table>
  <table name="SS_RESOURCE">
    <column>ID</column>
    <column>RESOURCE_TYPE</column>
    <column>VALUE</column>
    <column>POSITION</column>
    <row>
      <value>1</value>
      <value>url</value>
      <value>/security/user!save*</value>
      <value>1.0</value>
    </row>
    <row>
      <value>2</value>
      <value>url</value>
      <value>/security/user!delete*</value>
      <value>2.0</value>
    </row>
    <row>
      <value>3</value>
      <value>url</value>
      <value>/security/user*</value>
      <value>3.0</value>
    </row>
    <row>
      <value>4</value>
      <value>url</value>
      <value>/security/role!save*</value>
      <value>4.0</value>
    </row>
    <row>
      <value>5</value>
      <value>url</value>
      <value>/security/role!delete*</value>
      <value>5.0</value>
    </row>
    <row>
      <value>6</value>
      <value>url</value>
      <value>/security/role*</value>
      <value>6.0</value>
    </row>
  </table>
  <table name="SS_RESOURCE_AUTHORITY">
    <column>AUTHORITY_ID</column>
    <column>RESOURCE_ID</column>
    <row>
      <value>2</value>
      <value>1</value>
    </row>
    <row>
      <value>2</value>
      <value>2</value>
    </row>
    <row>
      <value>1</value>
      <value>3</value>
    </row>
    <row>
      <value>4</value>
      <value>4</value>
    </row>
    <row>
      <value>4</value>
      <value>5</value>
    </row>
    <row>
      <value>3</value>
      <value>6</value>
    </row>
  </table>
  <table name="SS_ROLE">
    <column>ID</column>
    <column>NAME</column>
    <row>
      <value>1</value>
      <value>管理员</value>
    </row>
    <row>
      <value>2</value>
      <value>用户</value>
    </row>
  </table>
  <table name="SS_ROLE_AUTHORITY">
    <column>ROLE_ID</column>
    <column>AUTHORITY_ID</column>
    <row>
      <value>1</value>
      <value>1</value>
    </row>
    <row>
      <value>1</value>
      <value>2</value>
    </row>
    <row>
      <value>1</value>
      <value>3</value>
    </row>
    <row>
      <value>1</value>
      <value>4</value>
    </row>
    <row>
      <value>2</value>
      <value>1</value>
    </row>
    <row>
      <value>2</value>
      <value>3</value>
    </row>
  </table>
  <table name="SS_USER">
    <column>ID</column>
    <column>LOGIN_NAME</column>
    <column>PASSWORD</column>
    <column>NAME</column>
    <column>EMAIL</column>
    <row>
      <value>1</value>
      <value>admin</value>
      <value>admin</value>
      <value>Admin</value>
      <value>admin@springside.org.cn</value>
    </row>
    <row>
      <value>2</value>
      <value>user</value>
      <value>user</value>
      <value>User</value>
      <value>user@springside.org.cn</value>
    </row>
    <row>
      <value>3</value>
      <value>user2</value>
      <value>user2</value>
      <value>Jack</value>
      <value>jack@springside.org.cn</value>
    </row>
    <row>
      <value>4</value>
      <value>user3</value>
      <value>user3</value>
      <value>Kate</value>
      <value>kate@springside.org.cn</value>
    </row>
    <row>
      <value>5</value>
      <value>user4</value>
      <value>user4</value>
      <value>Sawyer</value>
      <value>sawyer@springside.org.cn</value>
    </row>
    <row>
      <value>6</value>
      <value>user5</value>
      <value>user5</value>
      <value>Ben</value>
      <value>ben@springside.org.cn</value>
    </row>
  </table>
  <table name="SS_USER_ROLE">
    <column>USER_ID</column>
    <column>ROLE_ID</column>
    <row>
      <value>1</value>
      <value>1</value>
    </row>
    <row>
      <value>1</value>
      <value>2</value>
    </row>
    <row>
      <value>2</value>
      <value>2</value>
    </row>
    <row>
      <value>3</value>
      <value>2</value>
    </row>
    <row>
      <value>4</value>
      <value>2</value>
    </row>
    <row>
      <value>5</value>
      <value>2</value>
    </row>
    <row>
      <value>6</value>
      <value>2</value>
    </row>
  </table>
</dataset>
